<?xml version="1.0" encoding="UTF-8"?>
<coverage generated="1593619061386" clover="3.2.0">
  <project timestamp="1593619061387" name="All files">
    <metrics statements="97" coveredstatements="97" conditionals="75" coveredconditionals="75" methods="15" coveredmethods="15" elements="187" coveredelements="187" complexity="0" loc="97" ncloc="97" packages="4" files="14" classes="14"/>
    <package name="frequencyCounter">
      <metrics statements="16" coveredstatements="16" conditionals="6" coveredconditionals="6" methods="2" coveredmethods="2"/>
      <file name="areThereDuplicates.js" path="/home/rcauquil/Projects/Udemy/algorithms-and-data-structures/src/frequencyCounter/areThereDuplicates.js">
        <metrics statements="7" coveredstatements="7" conditionals="2" coveredconditionals="2" methods="1" coveredmethods="1"/>
        <line num="9" count="4" type="stmt"/>
        <line num="11" count="4" type="stmt"/>
        <line num="12" count="10" type="cond" truecount="2" falsecount="0"/>
        <line num="13" count="2" type="stmt"/>
        <line num="15" count="8" type="stmt"/>
        <line num="19" count="2" type="stmt"/>
        <line num="22" count="1" type="stmt"/>
      </file>
      <file name="sameFrequency.js" path="/home/rcauquil/Projects/Udemy/algorithms-and-data-structures/src/frequencyCounter/sameFrequency.js">
        <metrics statements="9" coveredstatements="9" conditionals="4" coveredconditionals="4" methods="1" coveredmethods="1"/>
        <line num="10" count="4" type="stmt"/>
        <line num="12" count="4" type="stmt"/>
        <line num="13" count="14" type="cond" truecount="2" falsecount="0"/>
        <line num="16" count="4" type="stmt"/>
        <line num="17" count="14" type="cond" truecount="2" falsecount="0"/>
        <line num="18" count="2" type="stmt"/>
        <line num="20" count="12" type="stmt"/>
        <line num="24" count="2" type="stmt"/>
        <line num="27" count="1" type="stmt"/>
      </file>
    </package>
    <package name="multiplePointers">
      <metrics statements="19" coveredstatements="19" conditionals="18" coveredconditionals="18" methods="2" coveredmethods="2"/>
      <file name="averagePair.js" path="/home/rcauquil/Projects/Udemy/algorithms-and-data-structures/src/multiplePointers/averagePair.js">
        <metrics statements="9" coveredstatements="9" conditionals="6" coveredconditionals="6" methods="1" coveredmethods="1"/>
        <line num="10" count="4" type="stmt"/>
        <line num="11" count="4" type="stmt"/>
        <line num="13" count="4" type="stmt"/>
        <line num="14" count="13" type="stmt"/>
        <line num="15" count="13" type="cond" truecount="2" falsecount="0"/>
        <line num="16" count="11" type="cond" truecount="2" falsecount="0"/>
        <line num="17" count="11" type="cond" truecount="2" falsecount="0"/>
        <line num="20" count="2" type="stmt"/>
        <line num="23" count="1" type="stmt"/>
      </file>
      <file name="isSubsequence.js" path="/home/rcauquil/Projects/Udemy/algorithms-and-data-structures/src/multiplePointers/isSubsequence.js">
        <metrics statements="10" coveredstatements="10" conditionals="12" coveredconditionals="12" methods="1" coveredmethods="1"/>
        <line num="10" count="6" type="cond" truecount="4" falsecount="0"/>
        <line num="11" count="5" type="cond" truecount="4" falsecount="0"/>
        <line num="13" count="4" type="stmt"/>
        <line num="14" count="4" type="stmt"/>
        <line num="16" count="4" type="stmt"/>
        <line num="17" count="18" type="cond" truecount="2" falsecount="0"/>
        <line num="18" count="18" type="cond" truecount="2" falsecount="0"/>
        <line num="19" count="15" type="stmt"/>
        <line num="22" count="1" type="stmt"/>
        <line num="25" count="1" type="stmt"/>
      </file>
    </package>
    <package name="recursion">
      <metrics statements="26" coveredstatements="26" conditionals="37" coveredconditionals="37" methods="8" coveredmethods="8"/>
      <file name="factorial.js" path="/home/rcauquil/Projects/Udemy/algorithms-and-data-structures/src/recursion/factorial.js">
        <metrics statements="3" coveredstatements="3" conditionals="2" coveredconditionals="2" methods="1" coveredmethods="1"/>
        <line num="9" count="19" type="cond" truecount="2" falsecount="0"/>
        <line num="10" count="14" type="stmt"/>
        <line num="13" count="1" type="stmt"/>
      </file>
      <file name="fibonacci.js" path="/home/rcauquil/Projects/Udemy/algorithms-and-data-structures/src/recursion/fibonacci.js">
        <metrics statements="3" coveredstatements="3" conditionals="6" coveredconditionals="6" methods="1" coveredmethods="1"/>
        <line num="11" count="85" type="cond" truecount="2" falsecount="0"/>
        <line num="12" count="82" type="cond" truecount="2" falsecount="0"/>
        <line num="15" count="1" type="stmt"/>
      </file>
      <file name="isPalindrome.js" path="/home/rcauquil/Projects/Udemy/algorithms-and-data-structures/src/recursion/isPalindrome.js">
        <metrics statements="7" coveredstatements="7" conditionals="15" coveredconditionals="15" methods="2" coveredmethods="2"/>
        <line num="9" count="59" type="cond" truecount="2" falsecount="0"/>
        <line num="10" count="58" type="cond" truecount="2" falsecount="0"/>
        <line num="11" count="57" type="cond" truecount="2" falsecount="0"/>
        <line num="24" count="7" type="cond" truecount="2" falsecount="0"/>
        <line num="25" count="6" type="cond" truecount="2" falsecount="0"/>
        <line num="26" count="5" type="cond" truecount="2" falsecount="0"/>
        <line num="31" count="1" type="stmt"/>
      </file>
      <file name="power.js" path="/home/rcauquil/Projects/Udemy/algorithms-and-data-structures/src/recursion/power.js">
        <metrics statements="3" coveredstatements="3" conditionals="2" coveredconditionals="2" methods="1" coveredmethods="1"/>
        <line num="9" count="9" type="cond" truecount="2" falsecount="0"/>
        <line num="10" count="6" type="stmt"/>
        <line num="13" count="1" type="stmt"/>
      </file>
      <file name="productOfArray.js" path="/home/rcauquil/Projects/Udemy/algorithms-and-data-structures/src/recursion/productOfArray.js">
        <metrics statements="3" coveredstatements="3" conditionals="4" coveredconditionals="4" methods="1" coveredmethods="1"/>
        <line num="8" count="9" type="cond" truecount="4" falsecount="0"/>
        <line num="9" count="5" type="stmt"/>
        <line num="12" count="1" type="stmt"/>
      </file>
      <file name="recursiveRange.js" path="/home/rcauquil/Projects/Udemy/algorithms-and-data-structures/src/recursion/recursiveRange.js">
        <metrics statements="3" coveredstatements="3" conditionals="4" coveredconditionals="4" methods="1" coveredmethods="1"/>
        <line num="8" count="22" type="cond" truecount="4" falsecount="0"/>
        <line num="9" count="16" type="stmt"/>
        <line num="12" count="1" type="stmt"/>
      </file>
      <file name="reverse.js" path="/home/rcauquil/Projects/Udemy/algorithms-and-data-structures/src/recursion/reverse.js">
        <metrics statements="4" coveredstatements="4" conditionals="4" coveredconditionals="4" methods="1" coveredmethods="1"/>
        <line num="8" count="20" type="cond" truecount="2" falsecount="0"/>
        <line num="9" count="19" type="cond" truecount="2" falsecount="0"/>
        <line num="10" count="16" type="stmt"/>
        <line num="13" count="1" type="stmt"/>
      </file>
    </package>
    <package name="slidingWindow">
      <metrics statements="36" coveredstatements="36" conditionals="14" coveredconditionals="14" methods="3" coveredmethods="3"/>
      <file name="findLongestSubstring.js" path="/home/rcauquil/Projects/Udemy/algorithms-and-data-structures/src/slidingWindow/findLongestSubstring.js">
        <metrics statements="11" coveredstatements="11" conditionals="2" coveredconditionals="2" methods="1" coveredmethods="1"/>
        <line num="9" count="7" type="stmt"/>
        <line num="10" count="7" type="stmt"/>
        <line num="11" count="7" type="stmt"/>
        <line num="13" count="7" type="stmt"/>
        <line num="15" count="75" type="stmt"/>
        <line num="16" count="75" type="cond" truecount="2" falsecount="0"/>
        <line num="17" count="30" type="stmt"/>
        <line num="20" count="75" type="stmt"/>
        <line num="22" count="75" type="stmt"/>
        <line num="24" count="7" type="stmt"/>
        <line num="27" count="1" type="stmt"/>
      </file>
      <file name="maxSubarraySum.js" path="/home/rcauquil/Projects/Udemy/algorithms-and-data-structures/src/slidingWindow/maxSubarraySum.js">
        <metrics statements="10" coveredstatements="10" conditionals="4" coveredconditionals="4" methods="1" coveredmethods="1"/>
        <line num="11" count="6" type="cond" truecount="4" falsecount="0"/>
        <line num="14" count="4" type="stmt"/>
        <line num="15" count="4" type="stmt"/>
        <line num="16" count="10" type="stmt"/>
        <line num="20" count="4" type="stmt"/>
        <line num="21" count="4" type="stmt"/>
        <line num="22" count="18" type="stmt"/>
        <line num="23" count="18" type="stmt"/>
        <line num="26" count="4" type="stmt"/>
        <line num="29" count="1" type="stmt"/>
      </file>
      <file name="minSubarrayLen.js" path="/home/rcauquil/Projects/Udemy/algorithms-and-data-structures/src/slidingWindow/minSubarrayLen.js">
        <metrics statements="15" coveredstatements="15" conditionals="8" coveredconditionals="8" methods="1" coveredmethods="1"/>
        <line num="10" count="7" type="stmt"/>
        <line num="11" count="7" type="stmt"/>
        <line num="12" count="7" type="stmt"/>
        <line num="13" count="7" type="stmt"/>
        <line num="15" count="7" type="stmt"/>
        <line num="18" count="95" type="cond" truecount="4" falsecount="0"/>
        <line num="19" count="56" type="stmt"/>
        <line num="20" count="56" type="stmt"/>
        <line num="24" count="39" type="cond" truecount="2" falsecount="0"/>
        <line num="25" count="32" type="stmt"/>
        <line num="26" count="32" type="stmt"/>
        <line num="27" count="32" type="stmt"/>
        <line num="32" count="7" type="stmt"/>
        <line num="36" count="7" type="cond" truecount="2" falsecount="0"/>
        <line num="39" count="1" type="stmt"/>
      </file>
    </package>
  </project>
</coverage>
