{"/home/rcauquil/Projects/Udemy/algorithms-and-data-structures/src/frequencyCounter/areThereDuplicates.js": {"path":"/home/rcauquil/Projects/Udemy/algorithms-and-data-structures/src/frequencyCounter/areThereDuplicates.js","statementMap":{"0":{"start":{"line":9,"column":15},"end":{"line":9,"column":17}},"1":{"start":{"line":11,"column":2},"end":{"line":17,"column":3}},"2":{"start":{"line":12,"column":4},"end":{"line":16,"column":5}},"3":{"start":{"line":13,"column":6},"end":{"line":13,"column":18}},"4":{"start":{"line":15,"column":6},"end":{"line":15,"column":23}},"5":{"start":{"line":19,"column":2},"end":{"line":19,"column":15}},"6":{"start":{"line":22,"column":0},"end":{"line":22,"column":36}}},"fnMap":{"0":{"name":"areThereDuplicates","decl":{"start":{"line":8,"column":9},"end":{"line":8,"column":27}},"loc":{"start":{"line":8,"column":30},"end":{"line":20,"column":1}},"line":8}},"branchMap":{"0":{"loc":{"start":{"line":12,"column":4},"end":{"line":16,"column":5}},"type":"if","locations":[{"start":{"line":12,"column":4},"end":{"line":16,"column":5}},{"start":{"line":12,"column":4},"end":{"line":16,"column":5}}],"line":12}},"s":{"0":4,"1":4,"2":10,"3":2,"4":8,"5":2,"6":1},"f":{"0":4},"b":{"0":[2,8]},"_coverageSchema":"1a1c01bbd47fc00a2c39e90264f33305004495a9","hash":"d2257f8ae66fbdb2f63e40c9af1ad46b0937ca72"}
,"/home/rcauquil/Projects/Udemy/algorithms-and-data-structures/src/frequencyCounter/sameFrequency.js": {"path":"/home/rcauquil/Projects/Udemy/algorithms-and-data-structures/src/frequencyCounter/sameFrequency.js","statementMap":{"0":{"start":{"line":10,"column":15},"end":{"line":10,"column":17}},"1":{"start":{"line":12,"column":2},"end":{"line":14,"column":3}},"2":{"start":{"line":13,"column":4},"end":{"line":13,"column":37}},"3":{"start":{"line":16,"column":2},"end":{"line":22,"column":3}},"4":{"start":{"line":17,"column":4},"end":{"line":21,"column":5}},"5":{"start":{"line":18,"column":6},"end":{"line":18,"column":19}},"6":{"start":{"line":20,"column":6},"end":{"line":20,"column":18}},"7":{"start":{"line":24,"column":2},"end":{"line":24,"column":14}},"8":{"start":{"line":27,"column":0},"end":{"line":27,"column":31}}},"fnMap":{"0":{"name":"sameFrequency","decl":{"start":{"line":9,"column":9},"end":{"line":9,"column":22}},"loc":{"start":{"line":9,"column":28},"end":{"line":25,"column":1}},"line":9}},"branchMap":{"0":{"loc":{"start":{"line":13,"column":17},"end":{"line":13,"column":31}},"type":"binary-expr","locations":[{"start":{"line":13,"column":17},"end":{"line":13,"column":26}},{"start":{"line":13,"column":30},"end":{"line":13,"column":31}}],"line":13},"1":{"loc":{"start":{"line":17,"column":4},"end":{"line":21,"column":5}},"type":"if","locations":[{"start":{"line":17,"column":4},"end":{"line":21,"column":5}},{"start":{"line":17,"column":4},"end":{"line":21,"column":5}}],"line":17}},"s":{"0":4,"1":4,"2":14,"3":4,"4":14,"5":2,"6":12,"7":2,"8":1},"f":{"0":4},"b":{"0":[14,11],"1":[2,12]},"_coverageSchema":"1a1c01bbd47fc00a2c39e90264f33305004495a9","hash":"2f8462ee832ccef81853c0908f5b6066eefd4027"}
,"/home/rcauquil/Projects/Udemy/algorithms-and-data-structures/src/multiplePointers/averagePair.js": {"path":"/home/rcauquil/Projects/Udemy/algorithms-and-data-structures/src/multiplePointers/averagePair.js","statementMap":{"0":{"start":{"line":10,"column":14},"end":{"line":10,"column":15}},"1":{"start":{"line":11,"column":12},"end":{"line":11,"column":24}},"2":{"start":{"line":13,"column":2},"end":{"line":18,"column":3}},"3":{"start":{"line":14,"column":16},"end":{"line":14,"column":39}},"4":{"start":{"line":15,"column":4},"end":{"line":15,"column":31}},"5":{"start":{"line":15,"column":19},"end":{"line":15,"column":31}},"6":{"start":{"line":16,"column":4},"end":{"line":16,"column":25}},"7":{"start":{"line":16,"column":17},"end":{"line":16,"column":25}},"8":{"start":{"line":17,"column":4},"end":{"line":17,"column":23}},"9":{"start":{"line":17,"column":17},"end":{"line":17,"column":23}},"10":{"start":{"line":20,"column":2},"end":{"line":20,"column":15}},"11":{"start":{"line":23,"column":0},"end":{"line":23,"column":29}}},"fnMap":{"0":{"name":"averagePair","decl":{"start":{"line":9,"column":9},"end":{"line":9,"column":20}},"loc":{"start":{"line":9,"column":26},"end":{"line":21,"column":1}},"line":9}},"branchMap":{"0":{"loc":{"start":{"line":15,"column":4},"end":{"line":15,"column":31}},"type":"if","locations":[{"start":{"line":15,"column":4},"end":{"line":15,"column":31}},{"start":{"line":15,"column":4},"end":{"line":15,"column":31}}],"line":15},"1":{"loc":{"start":{"line":16,"column":4},"end":{"line":16,"column":25}},"type":"if","locations":[{"start":{"line":16,"column":4},"end":{"line":16,"column":25}},{"start":{"line":16,"column":4},"end":{"line":16,"column":25}}],"line":16},"2":{"loc":{"start":{"line":17,"column":4},"end":{"line":17,"column":23}},"type":"if","locations":[{"start":{"line":17,"column":4},"end":{"line":17,"column":23}},{"start":{"line":17,"column":4},"end":{"line":17,"column":23}}],"line":17}},"s":{"0":4,"1":4,"2":4,"3":13,"4":13,"5":2,"6":11,"7":7,"8":11,"9":4,"10":2,"11":1},"f":{"0":4},"b":{"0":[2,11],"1":[7,4],"2":[4,7]},"_coverageSchema":"1a1c01bbd47fc00a2c39e90264f33305004495a9","hash":"150efa2769b41b96938f249cc06f61b5d30161f6"}
,"/home/rcauquil/Projects/Udemy/algorithms-and-data-structures/src/multiplePointers/isSubsequence.js": {"path":"/home/rcauquil/Projects/Udemy/algorithms-and-data-structures/src/multiplePointers/isSubsequence.js","statementMap":{"0":{"start":{"line":10,"column":2},"end":{"line":10,"column":35}},"1":{"start":{"line":10,"column":22},"end":{"line":10,"column":35}},"2":{"start":{"line":11,"column":2},"end":{"line":11,"column":73}},"3":{"start":{"line":11,"column":60},"end":{"line":11,"column":73}},"4":{"start":{"line":13,"column":10},"end":{"line":13,"column":11}},"5":{"start":{"line":14,"column":10},"end":{"line":14,"column":11}},"6":{"start":{"line":16,"column":2},"end":{"line":20,"column":3}},"7":{"start":{"line":17,"column":4},"end":{"line":17,"column":33}},"8":{"start":{"line":17,"column":29},"end":{"line":17,"column":33}},"9":{"start":{"line":18,"column":4},"end":{"line":18,"column":39}},"10":{"start":{"line":18,"column":27},"end":{"line":18,"column":39}},"11":{"start":{"line":19,"column":4},"end":{"line":19,"column":8}},"12":{"start":{"line":22,"column":2},"end":{"line":22,"column":15}},"13":{"start":{"line":25,"column":0},"end":{"line":25,"column":31}}},"fnMap":{"0":{"name":"isSubsequence","decl":{"start":{"line":9,"column":9},"end":{"line":9,"column":22}},"loc":{"start":{"line":9,"column":35},"end":{"line":23,"column":1}},"line":9}},"branchMap":{"0":{"loc":{"start":{"line":10,"column":2},"end":{"line":10,"column":35}},"type":"if","locations":[{"start":{"line":10,"column":2},"end":{"line":10,"column":35}},{"start":{"line":10,"column":2},"end":{"line":10,"column":35}}],"line":10},"1":{"loc":{"start":{"line":10,"column":6},"end":{"line":10,"column":20}},"type":"binary-expr","locations":[{"start":{"line":10,"column":6},"end":{"line":10,"column":11}},{"start":{"line":10,"column":15},"end":{"line":10,"column":20}}],"line":10},"2":{"loc":{"start":{"line":11,"column":2},"end":{"line":11,"column":73}},"type":"if","locations":[{"start":{"line":11,"column":2},"end":{"line":11,"column":73}},{"start":{"line":11,"column":2},"end":{"line":11,"column":73}}],"line":11},"3":{"loc":{"start":{"line":11,"column":6},"end":{"line":11,"column":58}},"type":"binary-expr","locations":[{"start":{"line":11,"column":6},"end":{"line":11,"column":30}},{"start":{"line":11,"column":34},"end":{"line":11,"column":58}}],"line":11},"4":{"loc":{"start":{"line":17,"column":4},"end":{"line":17,"column":33}},"type":"if","locations":[{"start":{"line":17,"column":4},"end":{"line":17,"column":33}},{"start":{"line":17,"column":4},"end":{"line":17,"column":33}}],"line":17},"5":{"loc":{"start":{"line":18,"column":4},"end":{"line":18,"column":39}},"type":"if","locations":[{"start":{"line":18,"column":4},"end":{"line":18,"column":39}},{"start":{"line":18,"column":4},"end":{"line":18,"column":39}}],"line":18}},"s":{"0":6,"1":1,"2":5,"3":1,"4":4,"5":4,"6":4,"7":18,"8":14,"9":18,"10":3,"11":15,"12":1,"13":1},"f":{"0":6},"b":{"0":[1,5],"1":[6,6],"2":[1,4],"3":[5,4],"4":[14,4],"5":[3,15]},"_coverageSchema":"1a1c01bbd47fc00a2c39e90264f33305004495a9","hash":"1cfe2cd6be98ab7a02851ec19636611827fe1d96"}
,"/home/rcauquil/Projects/Udemy/algorithms-and-data-structures/src/recursion/factorial.js": {"path":"/home/rcauquil/Projects/Udemy/algorithms-and-data-structures/src/recursion/factorial.js","statementMap":{"0":{"start":{"line":9,"column":2},"end":{"line":9,"column":24}},"1":{"start":{"line":9,"column":15},"end":{"line":9,"column":24}},"2":{"start":{"line":10,"column":2},"end":{"line":10,"column":30}},"3":{"start":{"line":13,"column":0},"end":{"line":13,"column":27}}},"fnMap":{"0":{"name":"factorial","decl":{"start":{"line":8,"column":9},"end":{"line":8,"column":18}},"loc":{"start":{"line":8,"column":22},"end":{"line":11,"column":1}},"line":8}},"branchMap":{"0":{"loc":{"start":{"line":9,"column":2},"end":{"line":9,"column":24}},"type":"if","locations":[{"start":{"line":9,"column":2},"end":{"line":9,"column":24}},{"start":{"line":9,"column":2},"end":{"line":9,"column":24}}],"line":9}},"s":{"0":19,"1":5,"2":14,"3":1},"f":{"0":19},"b":{"0":[5,14]},"_coverageSchema":"1a1c01bbd47fc00a2c39e90264f33305004495a9","hash":"4bc3127f7d3ca29db85279631c957764234e5c98"}
,"/home/rcauquil/Projects/Udemy/algorithms-and-data-structures/src/recursion/fibonacci.js": {"path":"/home/rcauquil/Projects/Udemy/algorithms-and-data-structures/src/recursion/fibonacci.js","statementMap":{"0":{"start":{"line":11,"column":2},"end":{"line":11,"column":38}},"1":{"start":{"line":11,"column":29},"end":{"line":11,"column":38}},"2":{"start":{"line":12,"column":2},"end":{"line":12,"column":44}},"3":{"start":{"line":15,"column":0},"end":{"line":15,"column":27}}},"fnMap":{"0":{"name":"fibonacci","decl":{"start":{"line":10,"column":9},"end":{"line":10,"column":18}},"loc":{"start":{"line":10,"column":32},"end":{"line":13,"column":1}},"line":10}},"branchMap":{"0":{"loc":{"start":{"line":10,"column":22},"end":{"line":10,"column":25}},"type":"default-arg","locations":[{"start":{"line":10,"column":24},"end":{"line":10,"column":25}}],"line":10},"1":{"loc":{"start":{"line":10,"column":27},"end":{"line":10,"column":30}},"type":"default-arg","locations":[{"start":{"line":10,"column":29},"end":{"line":10,"column":30}}],"line":10},"2":{"loc":{"start":{"line":11,"column":2},"end":{"line":11,"column":38}},"type":"if","locations":[{"start":{"line":11,"column":2},"end":{"line":11,"column":38}},{"start":{"line":11,"column":2},"end":{"line":11,"column":38}}],"line":11},"3":{"loc":{"start":{"line":12,"column":9},"end":{"line":12,"column":43}},"type":"cond-expr","locations":[{"start":{"line":12,"column":13},"end":{"line":12,"column":39}},{"start":{"line":12,"column":42},"end":{"line":12,"column":43}}],"line":12}},"s":{"0":85,"1":3,"2":82,"3":1},"f":{"0":85},"b":{"0":[8],"1":[8],"2":[3,82],"3":[77,5]},"_coverageSchema":"1a1c01bbd47fc00a2c39e90264f33305004495a9","hash":"6332d1b95b57021b89e690f424d1d446027c9f4d"}
,"/home/rcauquil/Projects/Udemy/algorithms-and-data-structures/src/recursion/isPalindrome.js": {"path":"/home/rcauquil/Projects/Udemy/algorithms-and-data-structures/src/recursion/isPalindrome.js","statementMap":{"0":{"start":{"line":9,"column":2},"end":{"line":9,"column":42}},"1":{"start":{"line":9,"column":29},"end":{"line":9,"column":42}},"2":{"start":{"line":10,"column":2},"end":{"line":10,"column":33}},"3":{"start":{"line":10,"column":21},"end":{"line":10,"column":33}},"4":{"start":{"line":11,"column":2},"end":{"line":13,"column":12}},"5":{"start":{"line":24,"column":2},"end":{"line":24,"column":42}},"6":{"start":{"line":24,"column":29},"end":{"line":24,"column":42}},"7":{"start":{"line":25,"column":2},"end":{"line":25,"column":33}},"8":{"start":{"line":25,"column":21},"end":{"line":25,"column":33}},"9":{"start":{"line":26,"column":2},"end":{"line":28,"column":12}},"10":{"start":{"line":31,"column":0},"end":{"line":34,"column":2}}},"fnMap":{"0":{"name":"isPalindrome","decl":{"start":{"line":8,"column":9},"end":{"line":8,"column":21}},"loc":{"start":{"line":8,"column":30},"end":{"line":14,"column":1}},"line":8},"1":{"name":"isPalindromeSlice","decl":{"start":{"line":23,"column":9},"end":{"line":23,"column":26}},"loc":{"start":{"line":23,"column":30},"end":{"line":29,"column":1}},"line":23}},"branchMap":{"0":{"loc":{"start":{"line":8,"column":25},"end":{"line":8,"column":28}},"type":"default-arg","locations":[{"start":{"line":8,"column":27},"end":{"line":8,"column":28}}],"line":8},"1":{"loc":{"start":{"line":9,"column":2},"end":{"line":9,"column":42}},"type":"if","locations":[{"start":{"line":9,"column":2},"end":{"line":9,"column":42}},{"start":{"line":9,"column":2},"end":{"line":9,"column":42}}],"line":9},"2":{"loc":{"start":{"line":10,"column":2},"end":{"line":10,"column":33}},"type":"if","locations":[{"start":{"line":10,"column":2},"end":{"line":10,"column":33}},{"start":{"line":10,"column":2},"end":{"line":10,"column":33}}],"line":10},"3":{"loc":{"start":{"line":11,"column":9},"end":{"line":13,"column":11}},"type":"cond-expr","locations":[{"start":{"line":12,"column":6},"end":{"line":12,"column":46}},{"start":{"line":13,"column":6},"end":{"line":13,"column":11}}],"line":11},"4":{"loc":{"start":{"line":12,"column":6},"end":{"line":12,"column":46}},"type":"binary-expr","locations":[{"start":{"line":12,"column":6},"end":{"line":12,"column":22}},{"start":{"line":12,"column":26},"end":{"line":12,"column":46}}],"line":12},"5":{"loc":{"start":{"line":24,"column":2},"end":{"line":24,"column":42}},"type":"if","locations":[{"start":{"line":24,"column":2},"end":{"line":24,"column":42}},{"start":{"line":24,"column":2},"end":{"line":24,"column":42}}],"line":24},"6":{"loc":{"start":{"line":25,"column":2},"end":{"line":25,"column":33}},"type":"if","locations":[{"start":{"line":25,"column":2},"end":{"line":25,"column":33}},{"start":{"line":25,"column":2},"end":{"line":25,"column":33}}],"line":25},"7":{"loc":{"start":{"line":26,"column":9},"end":{"line":28,"column":11}},"type":"cond-expr","locations":[{"start":{"line":27,"column":6},"end":{"line":27,"column":34}},{"start":{"line":28,"column":6},"end":{"line":28,"column":11}}],"line":26}},"s":{"0":59,"1":1,"2":58,"3":1,"4":57,"5":7,"6":1,"7":6,"8":1,"9":5,"10":1},"f":{"0":59,"1":7},"b":{"0":[10],"1":[1,58],"2":[1,57],"3":[53,4],"4":[53,49],"5":[1,6],"6":[1,5],"7":[3,2]},"_coverageSchema":"1a1c01bbd47fc00a2c39e90264f33305004495a9","hash":"3b2201323514f689b9cff64ba7b4465444b24708"}
,"/home/rcauquil/Projects/Udemy/algorithms-and-data-structures/src/recursion/power.js": {"path":"/home/rcauquil/Projects/Udemy/algorithms-and-data-structures/src/recursion/power.js","statementMap":{"0":{"start":{"line":9,"column":2},"end":{"line":9,"column":24}},"1":{"start":{"line":9,"column":15},"end":{"line":9,"column":24}},"2":{"start":{"line":10,"column":2},"end":{"line":10,"column":27}},"3":{"start":{"line":13,"column":0},"end":{"line":13,"column":23}}},"fnMap":{"0":{"name":"power","decl":{"start":{"line":8,"column":9},"end":{"line":8,"column":14}},"loc":{"start":{"line":8,"column":21},"end":{"line":11,"column":1}},"line":8}},"branchMap":{"0":{"loc":{"start":{"line":9,"column":2},"end":{"line":9,"column":24}},"type":"if","locations":[{"start":{"line":9,"column":2},"end":{"line":9,"column":24}},{"start":{"line":9,"column":2},"end":{"line":9,"column":24}}],"line":9}},"s":{"0":9,"1":3,"2":6,"3":1},"f":{"0":9},"b":{"0":[3,6]},"_coverageSchema":"1a1c01bbd47fc00a2c39e90264f33305004495a9","hash":"6702338d5f14c0c9f05ead18d5fe12dc4fd99096"}
,"/home/rcauquil/Projects/Udemy/algorithms-and-data-structures/src/recursion/productOfArray.js": {"path":"/home/rcauquil/Projects/Udemy/algorithms-and-data-structures/src/recursion/productOfArray.js","statementMap":{"0":{"start":{"line":8,"column":2},"end":{"line":8,"column":38}},"1":{"start":{"line":8,"column":21},"end":{"line":8,"column":38}},"2":{"start":{"line":9,"column":2},"end":{"line":9,"column":43}},"3":{"start":{"line":12,"column":0},"end":{"line":12,"column":32}}},"fnMap":{"0":{"name":"productOfArray","decl":{"start":{"line":7,"column":9},"end":{"line":7,"column":23}},"loc":{"start":{"line":7,"column":27},"end":{"line":10,"column":1}},"line":7}},"branchMap":{"0":{"loc":{"start":{"line":8,"column":2},"end":{"line":8,"column":38}},"type":"if","locations":[{"start":{"line":8,"column":2},"end":{"line":8,"column":38}},{"start":{"line":8,"column":2},"end":{"line":8,"column":38}}],"line":8},"1":{"loc":{"start":{"line":8,"column":28},"end":{"line":8,"column":37}},"type":"binary-expr","locations":[{"start":{"line":8,"column":28},"end":{"line":8,"column":32}},{"start":{"line":8,"column":36},"end":{"line":8,"column":37}}],"line":8}},"s":{"0":9,"1":4,"2":5,"3":1},"f":{"0":9},"b":{"0":[4,5],"1":[4,1]},"_coverageSchema":"1a1c01bbd47fc00a2c39e90264f33305004495a9","hash":"d21b4ee6e19306edeeeb28af1de754929a53ee47"}
,"/home/rcauquil/Projects/Udemy/algorithms-and-data-structures/src/recursion/recursiveRange.js": {"path":"/home/rcauquil/Projects/Udemy/algorithms-and-data-structures/src/recursion/recursiveRange.js","statementMap":{"0":{"start":{"line":8,"column":2},"end":{"line":8,"column":44}},"1":{"start":{"line":8,"column":35},"end":{"line":8,"column":44}},"2":{"start":{"line":9,"column":2},"end":{"line":9,"column":35}},"3":{"start":{"line":12,"column":0},"end":{"line":12,"column":32}}},"fnMap":{"0":{"name":"recursiveRange","decl":{"start":{"line":7,"column":9},"end":{"line":7,"column":23}},"loc":{"start":{"line":7,"column":27},"end":{"line":10,"column":1}},"line":7}},"branchMap":{"0":{"loc":{"start":{"line":8,"column":2},"end":{"line":8,"column":44}},"type":"if","locations":[{"start":{"line":8,"column":2},"end":{"line":8,"column":44}},{"start":{"line":8,"column":2},"end":{"line":8,"column":44}}],"line":8},"1":{"loc":{"start":{"line":8,"column":6},"end":{"line":8,"column":33}},"type":"binary-expr","locations":[{"start":{"line":8,"column":6},"end":{"line":8,"column":8}},{"start":{"line":8,"column":12},"end":{"line":8,"column":33}}],"line":8}},"s":{"0":22,"1":6,"2":16,"3":1},"f":{"0":22},"b":{"0":[6,16],"1":[22,19]},"_coverageSchema":"1a1c01bbd47fc00a2c39e90264f33305004495a9","hash":"d38cfcd0b1ee0b3fbbf2fbb7231b917399754af0"}
,"/home/rcauquil/Projects/Udemy/algorithms-and-data-structures/src/recursion/reverse.js": {"path":"/home/rcauquil/Projects/Udemy/algorithms-and-data-structures/src/recursion/reverse.js","statementMap":{"0":{"start":{"line":8,"column":2},"end":{"line":8,"column":41}},"1":{"start":{"line":8,"column":29},"end":{"line":8,"column":41}},"2":{"start":{"line":9,"column":2},"end":{"line":9,"column":30}},"3":{"start":{"line":9,"column":21},"end":{"line":9,"column":30}},"4":{"start":{"line":10,"column":2},"end":{"line":10,"column":36}},"5":{"start":{"line":13,"column":0},"end":{"line":13,"column":25}}},"fnMap":{"0":{"name":"reverse","decl":{"start":{"line":7,"column":9},"end":{"line":7,"column":16}},"loc":{"start":{"line":7,"column":20},"end":{"line":11,"column":1}},"line":7}},"branchMap":{"0":{"loc":{"start":{"line":8,"column":2},"end":{"line":8,"column":41}},"type":"if","locations":[{"start":{"line":8,"column":2},"end":{"line":8,"column":41}},{"start":{"line":8,"column":2},"end":{"line":8,"column":41}}],"line":8},"1":{"loc":{"start":{"line":9,"column":2},"end":{"line":9,"column":30}},"type":"if","locations":[{"start":{"line":9,"column":2},"end":{"line":9,"column":30}},{"start":{"line":9,"column":2},"end":{"line":9,"column":30}}],"line":9}},"s":{"0":20,"1":1,"2":19,"3":3,"4":16,"5":1},"f":{"0":20},"b":{"0":[1,19],"1":[3,16]},"_coverageSchema":"1a1c01bbd47fc00a2c39e90264f33305004495a9","hash":"4f293129cc533737dda9d020e1d2ed5f0895dd64"}
,"/home/rcauquil/Projects/Udemy/algorithms-and-data-structures/src/slidingWindow/findLongestSubstring.js": {"path":"/home/rcauquil/Projects/Udemy/algorithms-and-data-structures/src/slidingWindow/findLongestSubstring.js","statementMap":{"0":{"start":{"line":9,"column":14},"end":{"line":9,"column":15}},"1":{"start":{"line":10,"column":15},"end":{"line":10,"column":17}},"2":{"start":{"line":11,"column":16},"end":{"line":11,"column":17}},"3":{"start":{"line":13,"column":2},"end":{"line":23,"column":3}},"4":{"start":{"line":13,"column":15},"end":{"line":13,"column":16}},"5":{"start":{"line":15,"column":15},"end":{"line":15,"column":21}},"6":{"start":{"line":16,"column":4},"end":{"line":18,"column":5}},"7":{"start":{"line":17,"column":6},"end":{"line":17,"column":44}},"8":{"start":{"line":20,"column":4},"end":{"line":20,"column":47}},"9":{"start":{"line":22,"column":4},"end":{"line":22,"column":25}},"10":{"start":{"line":24,"column":2},"end":{"line":24,"column":17}},"11":{"start":{"line":27,"column":0},"end":{"line":27,"column":38}}},"fnMap":{"0":{"name":"findLongestSubstring","decl":{"start":{"line":8,"column":9},"end":{"line":8,"column":29}},"loc":{"start":{"line":8,"column":35},"end":{"line":25,"column":1}},"line":8}},"branchMap":{"0":{"loc":{"start":{"line":16,"column":4},"end":{"line":18,"column":5}},"type":"if","locations":[{"start":{"line":16,"column":4},"end":{"line":18,"column":5}},{"start":{"line":16,"column":4},"end":{"line":18,"column":5}}],"line":16}},"s":{"0":7,"1":7,"2":7,"3":7,"4":7,"5":75,"6":75,"7":30,"8":75,"9":75,"10":7,"11":1},"f":{"0":7},"b":{"0":[30,45]},"_coverageSchema":"1a1c01bbd47fc00a2c39e90264f33305004495a9","hash":"c2006c543a3a1e2a35eed611787ce2b47580b10d"}
,"/home/rcauquil/Projects/Udemy/algorithms-and-data-structures/src/slidingWindow/maxSubarraySum.js": {"path":"/home/rcauquil/Projects/Udemy/algorithms-and-data-structures/src/slidingWindow/maxSubarraySum.js","statementMap":{"0":{"start":{"line":11,"column":2},"end":{"line":11,"column":45}},"1":{"start":{"line":11,"column":33},"end":{"line":11,"column":45}},"2":{"start":{"line":14,"column":15},"end":{"line":14,"column":16}},"3":{"start":{"line":15,"column":2},"end":{"line":17,"column":3}},"4":{"start":{"line":15,"column":15},"end":{"line":15,"column":16}},"5":{"start":{"line":16,"column":4},"end":{"line":16,"column":19}},"6":{"start":{"line":20,"column":16},"end":{"line":20,"column":22}},"7":{"start":{"line":21,"column":2},"end":{"line":24,"column":3}},"8":{"start":{"line":21,"column":15},"end":{"line":21,"column":16}},"9":{"start":{"line":22,"column":4},"end":{"line":22,"column":29}},"10":{"start":{"line":23,"column":4},"end":{"line":23,"column":39}},"11":{"start":{"line":26,"column":2},"end":{"line":26,"column":16}},"12":{"start":{"line":29,"column":0},"end":{"line":29,"column":32}}},"fnMap":{"0":{"name":"maxSubarraySum","decl":{"start":{"line":9,"column":9},"end":{"line":9,"column":23}},"loc":{"start":{"line":9,"column":30},"end":{"line":27,"column":1}},"line":9}},"branchMap":{"0":{"loc":{"start":{"line":11,"column":2},"end":{"line":11,"column":45}},"type":"if","locations":[{"start":{"line":11,"column":2},"end":{"line":11,"column":45}},{"start":{"line":11,"column":2},"end":{"line":11,"column":45}}],"line":11},"1":{"loc":{"start":{"line":11,"column":6},"end":{"line":11,"column":31}},"type":"binary-expr","locations":[{"start":{"line":11,"column":6},"end":{"line":11,"column":15}},{"start":{"line":11,"column":19},"end":{"line":11,"column":31}}],"line":11}},"s":{"0":6,"1":2,"2":4,"3":4,"4":4,"5":10,"6":4,"7":4,"8":4,"9":18,"10":18,"11":4,"12":1},"f":{"0":6},"b":{"0":[2,4],"1":[6,5]},"_coverageSchema":"1a1c01bbd47fc00a2c39e90264f33305004495a9","hash":"62148ca362aefa4fc21e87c1dbfebf5afc2b0f19"}
,"/home/rcauquil/Projects/Udemy/algorithms-and-data-structures/src/slidingWindow/minSubarrayLen.js": {"path":"/home/rcauquil/Projects/Udemy/algorithms-and-data-structures/src/slidingWindow/minSubarrayLen.js","statementMap":{"0":{"start":{"line":10,"column":14},"end":{"line":10,"column":15}},"1":{"start":{"line":11,"column":14},"end":{"line":11,"column":15}},"2":{"start":{"line":12,"column":12},"end":{"line":12,"column":13}},"3":{"start":{"line":13,"column":15},"end":{"line":13,"column":23}},"4":{"start":{"line":15,"column":2},"end":{"line":34,"column":3}},"5":{"start":{"line":18,"column":4},"end":{"line":33,"column":5}},"6":{"start":{"line":19,"column":6},"end":{"line":19,"column":22}},"7":{"start":{"line":20,"column":6},"end":{"line":20,"column":12}},"8":{"start":{"line":24,"column":9},"end":{"line":33,"column":5}},"9":{"start":{"line":25,"column":6},"end":{"line":25,"column":43}},"10":{"start":{"line":26,"column":6},"end":{"line":26,"column":24}},"11":{"start":{"line":27,"column":6},"end":{"line":27,"column":14}},"12":{"start":{"line":32,"column":6},"end":{"line":32,"column":12}},"13":{"start":{"line":36,"column":2},"end":{"line":36,"column":42}},"14":{"start":{"line":39,"column":0},"end":{"line":39,"column":32}}},"fnMap":{"0":{"name":"minSubArrayLen","decl":{"start":{"line":9,"column":9},"end":{"line":9,"column":23}},"loc":{"start":{"line":9,"column":30},"end":{"line":37,"column":1}},"line":9}},"branchMap":{"0":{"loc":{"start":{"line":18,"column":4},"end":{"line":33,"column":5}},"type":"if","locations":[{"start":{"line":18,"column":4},"end":{"line":33,"column":5}},{"start":{"line":18,"column":4},"end":{"line":33,"column":5}}],"line":18},"1":{"loc":{"start":{"line":18,"column":7},"end":{"line":18,"column":34}},"type":"binary-expr","locations":[{"start":{"line":18,"column":7},"end":{"line":18,"column":16}},{"start":{"line":18,"column":20},"end":{"line":18,"column":34}}],"line":18},"2":{"loc":{"start":{"line":24,"column":9},"end":{"line":33,"column":5}},"type":"if","locations":[{"start":{"line":24,"column":9},"end":{"line":33,"column":5}},{"start":{"line":24,"column":9},"end":{"line":33,"column":5}}],"line":24},"3":{"loc":{"start":{"line":36,"column":9},"end":{"line":36,"column":41}},"type":"cond-expr","locations":[{"start":{"line":36,"column":31},"end":{"line":36,"column":32}},{"start":{"line":36,"column":35},"end":{"line":36,"column":41}}],"line":36}},"s":{"0":7,"1":7,"2":7,"3":7,"4":7,"5":95,"6":56,"7":56,"8":39,"9":32,"10":32,"11":32,"12":7,"13":7,"14":1},"f":{"0":7},"b":{"0":[56,39],"1":[95,63],"2":[32,7],"3":[1,6]},"_coverageSchema":"1a1c01bbd47fc00a2c39e90264f33305004495a9","hash":"9dce2985e288579e2e0ef8da3983a93031d37e69"}
}
