TN:
SF:src/frequencyCounter/areThereDuplicates.js
FN:8,areThereDuplicates
FNF:1
FNH:1
FNDA:4,areThereDuplicates
DA:9,4
DA:11,4
DA:12,10
DA:13,2
DA:15,8
DA:19,2
DA:22,1
LF:7
LH:7
BRDA:12,0,0,2
BRDA:12,0,1,8
BRF:2
BRH:2
end_of_record
TN:
SF:src/frequencyCounter/sameFrequency.js
FN:9,sameFrequency
FNF:1
FNH:1
FNDA:4,sameFrequency
DA:10,4
DA:12,4
DA:13,14
DA:16,4
DA:17,14
DA:18,2
DA:20,12
DA:24,2
DA:27,1
LF:9
LH:9
BRDA:13,0,0,14
BRDA:13,0,1,11
BRDA:17,1,0,2
BRDA:17,1,1,12
BRF:4
BRH:4
end_of_record
TN:
SF:src/multiplePointers/averagePair.js
FN:9,averagePair
FNF:1
FNH:1
FNDA:4,averagePair
DA:10,4
DA:11,4
DA:13,4
DA:14,13
DA:15,13
DA:16,11
DA:17,11
DA:20,2
DA:23,1
LF:9
LH:9
BRDA:15,0,0,2
BRDA:15,0,1,11
BRDA:16,1,0,7
BRDA:16,1,1,4
BRDA:17,2,0,4
BRDA:17,2,1,7
BRF:6
BRH:6
end_of_record
TN:
SF:src/multiplePointers/isSubsequence.js
FN:9,isSubsequence
FNF:1
FNH:1
FNDA:6,isSubsequence
DA:10,6
DA:11,5
DA:13,4
DA:14,4
DA:16,4
DA:17,18
DA:18,18
DA:19,15
DA:22,1
DA:25,1
LF:10
LH:10
BRDA:10,0,0,1
BRDA:10,0,1,5
BRDA:10,1,0,6
BRDA:10,1,1,6
BRDA:11,2,0,1
BRDA:11,2,1,4
BRDA:11,3,0,5
BRDA:11,3,1,4
BRDA:17,4,0,14
BRDA:17,4,1,4
BRDA:18,5,0,3
BRDA:18,5,1,15
BRF:12
BRH:12
end_of_record
TN:
SF:src/recursion/factorial.js
FN:8,factorial
FNF:1
FNH:1
FNDA:19,factorial
DA:9,19
DA:10,14
DA:13,1
LF:3
LH:3
BRDA:9,0,0,5
BRDA:9,0,1,14
BRF:2
BRH:2
end_of_record
TN:
SF:src/recursion/fibonacci.js
FN:10,fibonacci
FNF:1
FNH:1
FNDA:85,fibonacci
DA:11,85
DA:12,82
DA:15,1
LF:3
LH:3
BRDA:10,0,0,8
BRDA:10,1,0,8
BRDA:11,2,0,3
BRDA:11,2,1,82
BRDA:12,3,0,77
BRDA:12,3,1,5
BRF:6
BRH:6
end_of_record
TN:
SF:src/recursion/isPalindrome.js
FN:8,isPalindrome
FN:23,isPalindromeSlice
FNF:2
FNH:2
FNDA:59,isPalindrome
FNDA:7,isPalindromeSlice
DA:9,59
DA:10,58
DA:11,57
DA:24,7
DA:25,6
DA:26,5
DA:31,1
LF:7
LH:7
BRDA:8,0,0,10
BRDA:9,1,0,1
BRDA:9,1,1,58
BRDA:10,2,0,1
BRDA:10,2,1,57
BRDA:11,3,0,53
BRDA:11,3,1,4
BRDA:12,4,0,53
BRDA:12,4,1,49
BRDA:24,5,0,1
BRDA:24,5,1,6
BRDA:25,6,0,1
BRDA:25,6,1,5
BRDA:26,7,0,3
BRDA:26,7,1,2
BRF:15
BRH:15
end_of_record
TN:
SF:src/recursion/power.js
FN:8,power
FNF:1
FNH:1
FNDA:9,power
DA:9,9
DA:10,6
DA:13,1
LF:3
LH:3
BRDA:9,0,0,3
BRDA:9,0,1,6
BRF:2
BRH:2
end_of_record
TN:
SF:src/recursion/productOfArray.js
FN:7,productOfArray
FNF:1
FNH:1
FNDA:9,productOfArray
DA:8,9
DA:9,5
DA:12,1
LF:3
LH:3
BRDA:8,0,0,4
BRDA:8,0,1,5
BRDA:8,1,0,4
BRDA:8,1,1,1
BRF:4
BRH:4
end_of_record
TN:
SF:src/recursion/recursiveRange.js
FN:7,recursiveRange
FNF:1
FNH:1
FNDA:22,recursiveRange
DA:8,22
DA:9,16
DA:12,1
LF:3
LH:3
BRDA:8,0,0,6
BRDA:8,0,1,16
BRDA:8,1,0,22
BRDA:8,1,1,19
BRF:4
BRH:4
end_of_record
TN:
SF:src/recursion/reverse.js
FN:7,reverse
FNF:1
FNH:1
FNDA:20,reverse
DA:8,20
DA:9,19
DA:10,16
DA:13,1
LF:4
LH:4
BRDA:8,0,0,1
BRDA:8,0,1,19
BRDA:9,1,0,3
BRDA:9,1,1,16
BRF:4
BRH:4
end_of_record
TN:
SF:src/slidingWindow/findLongestSubstring.js
FN:8,findLongestSubstring
FNF:1
FNH:1
FNDA:7,findLongestSubstring
DA:9,7
DA:10,7
DA:11,7
DA:13,7
DA:15,75
DA:16,75
DA:17,30
DA:20,75
DA:22,75
DA:24,7
DA:27,1
LF:11
LH:11
BRDA:16,0,0,30
BRDA:16,0,1,45
BRF:2
BRH:2
end_of_record
TN:
SF:src/slidingWindow/maxSubarraySum.js
FN:9,maxSubarraySum
FNF:1
FNH:1
FNDA:6,maxSubarraySum
DA:11,6
DA:14,4
DA:15,4
DA:16,10
DA:20,4
DA:21,4
DA:22,18
DA:23,18
DA:26,4
DA:29,1
LF:10
LH:10
BRDA:11,0,0,2
BRDA:11,0,1,4
BRDA:11,1,0,6
BRDA:11,1,1,5
BRF:4
BRH:4
end_of_record
TN:
SF:src/slidingWindow/minSubarrayLen.js
FN:9,minSubArrayLen
FNF:1
FNH:1
FNDA:7,minSubArrayLen
DA:10,7
DA:11,7
DA:12,7
DA:13,7
DA:15,7
DA:18,95
DA:19,56
DA:20,56
DA:24,39
DA:25,32
DA:26,32
DA:27,32
DA:32,7
DA:36,7
DA:39,1
LF:15
LH:15
BRDA:18,0,0,56
BRDA:18,0,1,39
BRDA:18,1,0,95
BRDA:18,1,1,63
BRDA:24,2,0,32
BRDA:24,2,1,7
BRDA:36,3,0,1
BRDA:36,3,1,6
BRF:8
BRH:8
end_of_record
